Using pre-set license
Built from '2020.2/release' branch; Version is '2020.2.2f1 (068178b99f32) revision 426360'; Using compiler version '192528614'; Build Type 'Release'
OS: 'Windows 10 Home; OS build 19042.1052; Version 2009; 64bit' Language: 'en' Physical Memory: 16341 MB
BatchMode: 1, IsHumanControllingUs: 0, StartBugReporterOnCrash: 0, Is64bit: 1, IsPro: 0

 COMMAND LINE ARGUMENTS:
C:\Program Files\Unity\Hub\Editor\2020.2.2f1\Editor\Unity.exe
-adb2
-batchMode
-noUpm
-name
AssetImportWorker0
-projectPath
D:/Users/User/Documents/GitHub/tv.tube
-logFile
Logs/AssetImportWorker0.log
-srvPort
54940
Successfully changed project path to: D:/Users/User/Documents/GitHub/tv.tube
D:/Users/User/Documents/GitHub/tv.tube
Using Asset Import Pipeline V2.
Refreshing native plugins compatible for Editor in 42.30 ms, found 1 plugins.
Preloading 0 native plugins for Editor in 0.00 ms.
Initialize engine version: 2020.2.2f1 (068178b99f32)
[Subsystems] Discovering subsystems at path C:/Program Files/Unity/Hub/Editor/2020.2.2f1/Editor/Data/Resources/UnitySubsystems
[Subsystems] Discovering subsystems at path D:/Users/User/Documents/GitHub/tv.tube/Assets
GfxDevice: creating device client; threaded=0
Direct3D:
    Version:  Direct3D 11.0 [level 11.1]
    Renderer: NVIDIA GeForce GTX 1050 Ti (ID=0x1c82)
    Vendor:   
    VRAM:     4018 MB
    Driver:   27.21.14.5671
Initialize mono
Mono path[0] = 'C:/Program Files/Unity/Hub/Editor/2020.2.2f1/Editor/Data/Managed'
Mono path[1] = 'C:/Program Files/Unity/Hub/Editor/2020.2.2f1/Editor/Data/MonoBleedingEdge/lib/mono/unityjit'
Mono config path = 'C:/Program Files/Unity/Hub/Editor/2020.2.2f1/Editor/Data/MonoBleedingEdge/etc'
Using monoOptions --debugger-agent=transport=dt_socket,embedding=1,server=y,suspend=n,address=127.0.0.1:56372
Begin MonoManager ReloadAssembly
Registering precompiled unity dll's ...
Register platform support module: C:/Program Files/Unity/Hub/Editor/2020.2.2f1/Editor/Data/PlaybackEngines/WindowsStandaloneSupport/UnityEditor.WindowsStandalone.Extensions.dll
Registered in 0.002223 seconds.
Native extension for WindowsStandalone target not found
Refreshing native plugins compatible for Editor in 41.02 ms, found 1 plugins.
Preloading 0 native plugins for Editor in 0.00 ms.
Invoked RoslynAnalysisRunner static constructor.
RoslynAnalysisRunner will not be running.
RoslynAnalysisRunner has terminated.
Mono: successfully reloaded assembly
- Completed reload, in  1.265 seconds
Platform modules already initialized, skipping
Registering precompiled user dll's ...
Registered in 0.000910 seconds.
Begin MonoManager ReloadAssembly
Native extension for WindowsStandalone target not found
Refreshing native plugins compatible for Editor in 40.28 ms, found 1 plugins.
Preloading 0 native plugins for Editor in 0.00 ms.
Invoked RoslynAnalysisRunner static constructor.
RoslynAnalysisRunner will not be running.
RoslynAnalysisRunner has terminated.
Mono: successfully reloaded assembly
- Completed reload, in  1.094 seconds
Platform modules already initialized, skipping
========================================================================
Worker process is ready to serve import requests
Launched and connected shader compiler UnityShaderCompiler.exe after 0.06 seconds
Refreshing native plugins compatible for Editor in 0.34 ms, found 1 plugins.
Preloading 0 native plugins for Editor in 0.00 ms.
Unloading 1793 Unused Serialized files (Serialized files now loaded: 0)
System memory in use before: 84.2 MB.
System memory in use after: 84.3 MB.

Unloading 19 unused Assets to reduce memory usage. Loaded Objects now: 2239.
Total: 2.354400 ms (FindLiveObjects: 0.294200 ms CreateObjectMapping: 0.101500 ms MarkObjects: 1.862700 ms  DeleteObjects: 0.094900 ms)

========================================================================
Received Import Request.
  path: Assets/Scenes/level 1.unity
  artifactKey: Guid(d2036281f9123cf4c9d708652aa0eeb8) Importer(815301076,1909f56bfc062723c751e8b465ee728b)
Start importing Assets/Scenes/level 1.unity using Guid(d2036281f9123cf4c9d708652aa0eeb8) Importer(815301076,1909f56bfc062723c751e8b465ee728b)  -> (artifact id: '11544c17dd5194a5f0c404b675516fdc') in 0.015928 seconds
  Import took 0.019763 seconds .

========================================================================
Received Import Request.
  Time since last request: 87.418918 seconds.
  path: Assets/Scenes/mainmenu.unity
  artifactKey: Guid(be51b91fcbe5d5b4a84f553652a91d59) Importer(815301076,1909f56bfc062723c751e8b465ee728b)
Start importing Assets/Scenes/mainmenu.unity using Guid(be51b91fcbe5d5b4a84f553652a91d59) Importer(815301076,1909f56bfc062723c751e8b465ee728b)  -> (artifact id: '09617edb764ac5c74c92d46173ab905b') in 0.004163 seconds
  Import took 0.007512 seconds .

========================================================================
Received Prepare
Registering precompiled user dll's ...
Registered in 0.001062 seconds.
Begin MonoManager ReloadAssembly
Native extension for WindowsStandalone target not found
Refreshing native plugins compatible for Editor in 0.37 ms, found 1 plugins.
Preloading 0 native plugins for Editor in 0.00 ms.
Invoked RoslynAnalysisRunner static constructor.
RoslynAnalysisRunner will not be running.
RoslynAnalysisRunner has terminated.
Mono: successfully reloaded assembly
- Completed reload, in  0.968 seconds
Platform modules already initialized, skipping
Refreshing native plugins compatible for Editor in 0.39 ms, found 1 plugins.
Preloading 0 native plugins for Editor in 0.00 ms.
Unloading 1783 Unused Serialized files (Serialized files now loaded: 0)
System memory in use before: 83.9 MB.
System memory in use after: 84.0 MB.

Unloading 7 unused Assets to reduce memory usage. Loaded Objects now: 2242.
Total: 1.950200 ms (FindLiveObjects: 0.196600 ms CreateObjectMapping: 0.067900 ms MarkObjects: 1.669400 ms  DeleteObjects: 0.015200 ms)

========================================================================
Received Import Request.
  Time since last request: 38.085761 seconds.
  path: Assets/Scenes/SampleScene.unity
  artifactKey: Guid(2cda990e2423bbf4892e6590ba056729) Importer(815301076,1909f56bfc062723c751e8b465ee728b)
Start importing Assets/Scenes/SampleScene.unity using Guid(2cda990e2423bbf4892e6590ba056729) Importer(815301076,1909f56bfc062723c751e8b465ee728b)  -> (artifact id: 'c7f1d4d6ca13d20dd9d687f5a1935d02') in 0.013882 seconds
  Import took 0.016941 seconds .

========================================================================
Received Prepare
Registering precompiled user dll's ...
Registered in 0.001215 seconds.
Begin MonoManager ReloadAssembly
Native extension for WindowsStandalone target not found
Refreshing native plugins compatible for Editor in 0.35 ms, found 1 plugins.
Preloading 0 native plugins for Editor in 0.00 ms.
Invoked RoslynAnalysisRunner static constructor.
RoslynAnalysisRunner will not be running.
RoslynAnalysisRunner has terminated.
Mono: successfully reloaded assembly
- Completed reload, in  1.163 seconds
Platform modules already initialized, skipping
Refreshing native plugins compatible for Editor in 0.48 ms, found 1 plugins.
Preloading 0 native plugins for Editor in 0.00 ms.
Unloading 1783 Unused Serialized files (Serialized files now loaded: 0)
System memory in use before: 84.0 MB.
System memory in use after: 84.1 MB.

Unloading 7 unused Assets to reduce memory usage. Loaded Objects now: 2245.
Total: 2.371400 ms (FindLiveObjects: 0.210700 ms CreateObjectMapping: 0.094700 ms MarkObjects: 2.030500 ms  DeleteObjects: 0.034200 ms)

========================================================================
Received Import Request.
  Time since last request: 82.552180 seconds.
  path: Assets/Scenes/Menu.unity
  artifactKey: Guid(75c2fabbb5edfd94da3b1cddb59db9d0) Importer(815301076,1909f56bfc062723c751e8b465ee728b)
Start importing Assets/Scenes/Menu.unity using Guid(75c2fabbb5edfd94da3b1cddb59db9d0) Importer(815301076,1909f56bfc062723c751e8b465ee728b)  -> (artifact id: '2d3d8f605ccc1069b2bede64a424c084') in 0.012142 seconds
  Import took 0.015206 seconds .

========================================================================
Received Import Request.
  Time since last request: 28.291716 seconds.
  path: Assets/scripts
  artifactKey: Guid(57329a895f398f14095f6f1141c8ea93) Importer(815301076,1909f56bfc062723c751e8b465ee728b)
Start importing Assets/scripts using Guid(57329a895f398f14095f6f1141c8ea93) Importer(815301076,1909f56bfc062723c751e8b465ee728b)  -> (artifact id: '487f1c6d5277b449dccae84f7cde079e') in 0.002715 seconds
  Import took 0.006736 seconds .

========================================================================
Received Import Request.
  Time since last request: 0.000718 seconds.
  path: Assets/scripts
  artifactKey: Guid(57329a895f398f14095f6f1141c8ea93) Importer(815301076,1909f56bfc062723c751e8b465ee728b)
Start importing Assets/scripts using Guid(57329a895f398f14095f6f1141c8ea93) Importer(815301076,1909f56bfc062723c751e8b465ee728b)  -> (artifact id: '487f1c6d5277b449dccae84f7cde079e') in 0.001761 seconds
  Import took 0.005373 seconds .

========================================================================
Received Prepare
Registering precompiled user dll's ...
Registered in 0.001192 seconds.
Begin MonoManager ReloadAssembly
Native extension for WindowsStandalone target not found
Refreshing native plugins compatible for Editor in 0.34 ms, found 1 plugins.
Preloading 0 native plugins for Editor in 0.00 ms.
Invoked RoslynAnalysisRunner static constructor.
RoslynAnalysisRunner will not be running.
RoslynAnalysisRunner has terminated.
Mono: successfully reloaded assembly
- Completed reload, in  1.094 seconds
Platform modules already initialized, skipping
Refreshing native plugins compatible for Editor in 0.37 ms, found 1 plugins.
Preloading 0 native plugins for Editor in 0.00 ms.
Unloading 1784 Unused Serialized files (Serialized files now loaded: 0)
System memory in use before: 84.1 MB.
System memory in use after: 84.2 MB.

Unloading 7 unused Assets to reduce memory usage. Loaded Objects now: 2249.
Total: 1.732100 ms (FindLiveObjects: 0.171100 ms CreateObjectMapping: 0.063100 ms MarkObjects: 1.477700 ms  DeleteObjects: 0.018900 ms)

========================================================================
Received Import Request.
  Time since last request: 27.545392 seconds.
  path: Assets/scripts/Quit.cs
  artifactKey: Guid(c39fd6be7e9f0d34f8184c6299d1e256) Importer(815301076,1909f56bfc062723c751e8b465ee728b)
Start importing Assets/scripts/Quit.cs using Guid(c39fd6be7e9f0d34f8184c6299d1e256) Importer(815301076,1909f56bfc062723c751e8b465ee728b)  -> (artifact id: '8faa25a32f970b7982e38fe8ea3ea0d8') in 0.032357 seconds
  Import took 0.035730 seconds .

========================================================================
Received Import Request.
  Time since last request: 0.304388 seconds.
  path: Assets/scripts/movement.cs
  artifactKey: Guid(38b9426f8e8289f49a8d1f21466f5ff5) Importer(815301076,1909f56bfc062723c751e8b465ee728b)
Start importing Assets/scripts/movement.cs using Guid(38b9426f8e8289f49a8d1f21466f5ff5) Importer(815301076,1909f56bfc062723c751e8b465ee728b)  -> (artifact id: 'a27fdcaddacdcd970cd6d8d4478e7deb') in 0.002034 seconds
  Import took 0.005593 seconds .

========================================================================
Received Import Request.
  Time since last request: 0.030691 seconds.
  path: Assets/scripts/movement.cs
  artifactKey: Guid(38b9426f8e8289f49a8d1f21466f5ff5) Importer(815301076,1909f56bfc062723c751e8b465ee728b)
Start importing Assets/scripts/movement.cs using Guid(38b9426f8e8289f49a8d1f21466f5ff5) Importer(815301076,1909f56bfc062723c751e8b465ee728b)  -> (artifact id: 'a27fdcaddacdcd970cd6d8d4478e7deb') in 0.004143 seconds
  Import took 0.009877 seconds .

========================================================================
Received Import Request.
  Time since last request: 16.121916 seconds.
  path: Assets/art/floor_tile.png
  artifactKey: Guid(09ad02d05bd31ef43ba605a8d4b632a6) Importer(815301076,1909f56bfc062723c751e8b465ee728b)
Start importing Assets/art/floor_tile.png using Guid(09ad02d05bd31ef43ba605a8d4b632a6) Importer(815301076,1909f56bfc062723c751e8b465ee728b)  -> (artifact id: '2c830e7bd1113f9d6c9060f48250c19d') in 0.145712 seconds
  Import took 0.149599 seconds .

========================================================================
Received Import Request.
  Time since last request: 0.000163 seconds.
  path: Assets/art/mainmenu.png
  artifactKey: Guid(95eb33a4ef7c37340af48a05b55daecf) Importer(815301076,1909f56bfc062723c751e8b465ee728b)
Start importing Assets/art/mainmenu.png using Guid(95eb33a4ef7c37340af48a05b55daecf) Importer(815301076,1909f56bfc062723c751e8b465ee728b)  -> (artifact id: '376a3f313006558803b8bdff4c6808d1') in 0.017980 seconds
  Import took 0.020825 seconds .

========================================================================
Received Import Request.
  Time since last request: 0.000219 seconds.
  path: Assets/art/floor_tile.png
  artifactKey: Guid(09ad02d05bd31ef43ba605a8d4b632a6) Importer(815301076,1909f56bfc062723c751e8b465ee728b)
Start importing Assets/art/floor_tile.png using Guid(09ad02d05bd31ef43ba605a8d4b632a6) Importer(815301076,1909f56bfc062723c751e8b465ee728b)  -> (artifact id: '2c830e7bd1113f9d6c9060f48250c19d') in 0.007828 seconds
  Import took 0.011520 seconds .

========================================================================
Received Import Request.
  Time since last request: 0.004076 seconds.
  path: Assets/art/mainmenu.png
  artifactKey: Guid(95eb33a4ef7c37340af48a05b55daecf) Importer(815301076,1909f56bfc062723c751e8b465ee728b)
Start importing Assets/art/mainmenu.png using Guid(95eb33a4ef7c37340af48a05b55daecf) Importer(815301076,1909f56bfc062723c751e8b465ee728b)  -> (artifact id: '376a3f313006558803b8bdff4c6808d1') in 0.009980 seconds
  Import took 0.013285 seconds .

========================================================================
Received Import Request.
  Time since last request: 20.332889 seconds.
  path: Assets/art/noir_brick_front.png
  artifactKey: Guid(6c4aacfabfc7864499254021830e545d) Importer(815301076,1909f56bfc062723c751e8b465ee728b)
Start importing Assets/art/noir_brick_front.png using Guid(6c4aacfabfc7864499254021830e545d) Importer(815301076,1909f56bfc062723c751e8b465ee728b)  -> (artifact id: '16acf934b2fe4664475fd5889f948f01') in 0.008008 seconds
  Import took 0.012207 seconds .

========================================================================
Received Import Request.
  Time since last request: 0.000282 seconds.
  path: Assets/art/NoirBackWalkCycle_clone.png
  artifactKey: Guid(178f3c24925feef4588a2c313fa3a214) Importer(815301076,1909f56bfc062723c751e8b465ee728b)
Start importing Assets/art/NoirBackWalkCycle_clone.png using Guid(178f3c24925feef4588a2c313fa3a214) Importer(815301076,1909f56bfc062723c751e8b465ee728b)  -> (artifact id: 'f25b6835057bc1cca66d4c32bfeb5483') in 0.018029 seconds
  Import took 0.021402 seconds .

========================================================================
Received Import Request.
  Time since last request: 0.000314 seconds.
  path: Assets/art/noir_brick_middle_variant_1.png
  artifactKey: Guid(e5f8f261dd994fc46b78af47684177e4) Importer(815301076,1909f56bfc062723c751e8b465ee728b)
Start importing Assets/art/noir_brick_middle_variant_1.png using Guid(e5f8f261dd994fc46b78af47684177e4) Importer(815301076,1909f56bfc062723c751e8b465ee728b)  -> (artifact id: 'faecda5832fbb8dbad909f74ce3706c9') in 0.009356 seconds
  Import took 0.012890 seconds .

========================================================================
Received Import Request.
  Time since last request: 0.000408 seconds.
  path: Assets/art/noir_brick_left.png
  artifactKey: Guid(d2a4b7d22b9a0f74cae0cee601cf0f4f) Importer(815301076,1909f56bfc062723c751e8b465ee728b)
Start importing Assets/art/noir_brick_left.png using Guid(d2a4b7d22b9a0f74cae0cee601cf0f4f) Importer(815301076,1909f56bfc062723c751e8b465ee728b)  -> (artifact id: '7497757c42c19d84cf8b36066dc401ea') in 0.007420 seconds
  Import took 0.012432 seconds .

========================================================================
Received Import Request.
  Time since last request: 0.000285 seconds.
  path: Assets/art/noir_brick_right.png
  artifactKey: Guid(f78f62db2742ffe42927f4baea238293) Importer(815301076,1909f56bfc062723c751e8b465ee728b)
Start importing Assets/art/noir_brick_right.png using Guid(f78f62db2742ffe42927f4baea238293) Importer(815301076,1909f56bfc062723c751e8b465ee728b)  -> (artifact id: '42f783c3bcdc379403e3a8cbb9addd58') in 0.009889 seconds
  Import took 0.014431 seconds .

========================================================================
Received Import Request.
  Time since last request: 0.000272 seconds.
  path: Assets/art/noir_brick_left_side.png
  artifactKey: Guid(834e5074a2d67944d882f9dcf28f1b0d) Importer(815301076,1909f56bfc062723c751e8b465ee728b)
Start importing Assets/art/noir_brick_left_side.png using Guid(834e5074a2d67944d882f9dcf28f1b0d) Importer(815301076,1909f56bfc062723c751e8b465ee728b)  -> (artifact id: 'eda9f654937822a2b03ca72cb78d911e') in 0.007413 seconds
  Import took 0.011329 seconds .

========================================================================
Received Import Request.
  Time since last request: 0.000246 seconds.
  path: Assets/art/noir_brick_right_corner.png
  artifactKey: Guid(38f6eed96621501438562b1335bc4864) Importer(815301076,1909f56bfc062723c751e8b465ee728b)
Start importing Assets/art/noir_brick_right_corner.png using Guid(38f6eed96621501438562b1335bc4864) Importer(815301076,1909f56bfc062723c751e8b465ee728b)  -> (artifact id: '15a5b45411c5a0b865a53baf6eae09f8') in 0.007962 seconds
  Import took 0.012066 seconds .

========================================================================
Received Import Request.
  Time since last request: 0.000226 seconds.
  path: Assets/art/noir_brick_right_side_clone.png
  artifactKey: Guid(ded541ae64bb1fb43a0af57f8e81ee0a) Importer(815301076,1909f56bfc062723c751e8b465ee728b)
Start importing Assets/art/noir_brick_right_side_clone.png using Guid(ded541ae64bb1fb43a0af57f8e81ee0a) Importer(815301076,1909f56bfc062723c751e8b465ee728b)  -> (artifact id: '89a151655c443077ee41956f61fc4223') in 0.008896 seconds
  Import took 0.017932 seconds .

========================================================================
Received Import Request.
  Time since last request: 0.000270 seconds.
  path: Assets/art/noir_brick_right_side_clone_2.png
  artifactKey: Guid(c9628d3103d8c6b449004afe40227a7b) Importer(815301076,1909f56bfc062723c751e8b465ee728b)
Start importing Assets/art/noir_brick_right_side_clone_2.png using Guid(c9628d3103d8c6b449004afe40227a7b) Importer(815301076,1909f56bfc062723c751e8b465ee728b)  -> (artifact id: 'fa024c341d836531e1b05d5ecd0240df') in 0.009969 seconds
  Import took 0.013519 seconds .

========================================================================
Received Import Request.
  Time since last request: 0.000097 seconds.
  path: Assets/art/noir_walk_side_view.png
  artifactKey: Guid(34d03aebb25280243a31571e0f6261a1) Importer(815301076,1909f56bfc062723c751e8b465ee728b)
Start importing Assets/art/noir_walk_side_view.png using Guid(34d03aebb25280243a31571e0f6261a1) Importer(815301076,1909f56bfc062723c751e8b465ee728b)  -> (artifact id: '82b1b2602ae0678879f6837689ebe83c') in 0.016294 seconds
  Import took 0.019422 seconds .

========================================================================
Received Import Request.
  Time since last request: 0.000163 seconds.
  path: Assets/art/NoirFrontWalkCycle.png
  artifactKey: Guid(60100dc6bdc23344aab94c87b544ff60) Importer(815301076,1909f56bfc062723c751e8b465ee728b)
Start importing Assets/art/NoirFrontWalkCycle.png using Guid(60100dc6bdc23344aab94c87b544ff60) Importer(815301076,1909f56bfc062723c751e8b465ee728b)  -> (artifact id: '9502832b8417ba6b0914a66b9445b2f2') in 0.015779 seconds
  Import took 0.019798 seconds .

========================================================================
Received Import Request.
  Time since last request: 0.000314 seconds.
  path: Assets/art/noir_brick_left_corner.png
  artifactKey: Guid(6c86c6f1c9221a34bb771b1de26312ad) Importer(815301076,1909f56bfc062723c751e8b465ee728b)
Start importing Assets/art/noir_brick_left_corner.png using Guid(6c86c6f1c9221a34bb771b1de26312ad) Importer(815301076,1909f56bfc062723c751e8b465ee728b)  -> (artifact id: 'a2b325aaef97380eaa60f9a431580f57') in 0.006484 seconds
  Import took 0.009709 seconds .

========================================================================
Received Prepare
Registering precompiled user dll's ...
Registered in 0.001405 seconds.
Begin MonoManager ReloadAssembly
Native extension for WindowsStandalone target not found
Refreshing native plugins compatible for Editor in 0.42 ms, found 1 plugins.
Preloading 0 native plugins for Editor in 0.00 ms.
Invoked RoslynAnalysisRunner static constructor.
RoslynAnalysisRunner will not be running.
RoslynAnalysisRunner has terminated.
Mono: successfully reloaded assembly
- Completed reload, in  0.956 seconds
Platform modules already initialized, skipping
Refreshing native plugins compatible for Editor in 0.38 ms, found 1 plugins.
Preloading 0 native plugins for Editor in 0.00 ms.
Unloading 1784 Unused Serialized files (Serialized files now loaded: 0)
System memory in use before: 87.3 MB.
System memory in use after: 87.4 MB.

Unloading 7 unused Assets to reduce memory usage. Loaded Objects now: 2261.
Total: 1.824000 ms (FindLiveObjects: 0.178000 ms CreateObjectMapping: 0.066000 ms MarkObjects: 1.560700 ms  DeleteObjects: 0.018000 ms)

========================================================================
Received Prepare
Registering precompiled user dll's ...
Registered in 0.001093 seconds.
Begin MonoManager ReloadAssembly
Native extension for WindowsStandalone target not found
Refreshing native plugins compatible for Editor in 0.35 ms, found 1 plugins.
Preloading 0 native plugins for Editor in 0.00 ms.
Invoked RoslynAnalysisRunner static constructor.
RoslynAnalysisRunner will not be running.
RoslynAnalysisRunner has terminated.
Mono: successfully reloaded assembly
- Completed reload, in  0.943 seconds
Platform modules already initialized, skipping
Refreshing native plugins compatible for Editor in 0.46 ms, found 1 plugins.
Preloading 0 native plugins for Editor in 0.00 ms.
Unloading 1784 Unused Serialized files (Serialized files now loaded: 0)
System memory in use before: 87.3 MB.
System memory in use after: 87.5 MB.

Unloading 7 unused Assets to reduce memory usage. Loaded Objects now: 2264.
Total: 1.784700 ms (FindLiveObjects: 0.182800 ms CreateObjectMapping: 0.075000 ms MarkObjects: 1.508900 ms  DeleteObjects: 0.016800 ms)

========================================================================
Received Prepare
Registering precompiled user dll's ...
Registered in 0.001072 seconds.
Begin MonoManager ReloadAssembly
Native extension for WindowsStandalone target not found
Refreshing native plugins compatible for Editor in 0.36 ms, found 1 plugins.
Preloading 0 native plugins for Editor in 0.00 ms.
Invoked RoslynAnalysisRunner static constructor.
RoslynAnalysisRunner will not be running.
RoslynAnalysisRunner has terminated.
Mono: successfully reloaded assembly
- Completed reload, in  1.011 seconds
Platform modules already initialized, skipping
Refreshing native plugins compatible for Editor in 0.34 ms, found 1 plugins.
Preloading 0 native plugins for Editor in 0.00 ms.
Unloading 1784 Unused Serialized files (Serialized files now loaded: 0)
System memory in use before: 87.4 MB.
System memory in use after: 87.5 MB.

Unloading 7 unused Assets to reduce memory usage. Loaded Objects now: 2267.
Total: 2.089400 ms (FindLiveObjects: 0.201900 ms CreateObjectMapping: 0.066700 ms MarkObjects: 1.782700 ms  DeleteObjects: 0.037100 ms)

========================================================================
Received Prepare
Registering precompiled user dll's ...
Registered in 0.001337 seconds.
Begin MonoManager ReloadAssembly
Native extension for WindowsStandalone target not found
Refreshing native plugins compatible for Editor in 0.54 ms, found 1 plugins.
Preloading 0 native plugins for Editor in 0.00 ms.
Invoked RoslynAnalysisRunner static constructor.
RoslynAnalysisRunner will not be running.
RoslynAnalysisRunner has terminated.
Mono: successfully reloaded assembly
- Completed reload, in  0.919 seconds
Platform modules already initialized, skipping
Refreshing native plugins compatible for Editor in 0.36 ms, found 1 plugins.
Preloading 0 native plugins for Editor in 0.00 ms.
Unloading 1783 Unused Serialized files (Serialized files now loaded: 0)
System memory in use before: 87.5 MB.
System memory in use after: 87.6 MB.

Unloading 8 unused Assets to reduce memory usage. Loaded Objects now: 2269.
Total: 1.908600 ms (FindLiveObjects: 0.205400 ms CreateObjectMapping: 0.086700 ms MarkObjects: 1.595500 ms  DeleteObjects: 0.019500 ms)

========================================================================
Received Import Request.
  Time since last request: 730.807116 seconds.
  path: Assets/art/Sprites
  artifactKey: Guid(03027ac9c380b444cafc5daee4ba90e5) Importer(815301076,1909f56bfc062723c751e8b465ee728b)
Start importing Assets/art/Sprites using Guid(03027ac9c380b444cafc5daee4ba90e5) Importer(815301076,1909f56bfc062723c751e8b465ee728b)  -> (artifact id: 'b92ab178334a00d388511aa0bd7647b6') in 0.004690 seconds
  Import took 0.007689 seconds .

========================================================================
Received Import Request.
  Time since last request: 0.008255 seconds.
  path: Assets/art/Sprites
  artifactKey: Guid(03027ac9c380b444cafc5daee4ba90e5) Importer(815301076,1909f56bfc062723c751e8b465ee728b)
Start importing Assets/art/Sprites using Guid(03027ac9c380b444cafc5daee4ba90e5) Importer(815301076,1909f56bfc062723c751e8b465ee728b)  -> (artifact id: 'b92ab178334a00d388511aa0bd7647b6') in 0.001566 seconds
  Import took 0.005154 seconds .

========================================================================
Received Import Request.
  Time since last request: 0.039659 seconds.
  path: Assets/art/Sprites/Illustration17.png
  artifactKey: Guid(c53e791d4ba95e842b0ef9db2ce4556c) Importer(815301076,1909f56bfc062723c751e8b465ee728b)
Start importing Assets/art/Sprites/Illustration17.png using Guid(c53e791d4ba95e842b0ef9db2ce4556c) Importer(815301076,1909f56bfc062723c751e8b465ee728b)  -> (artifact id: '0175486d92a80e0f320aa2767fcf586e') in 0.053099 seconds
  Import took 0.056307 seconds .

========================================================================
Received Import Request.
  Time since last request: 0.000282 seconds.
  path: Assets/art/Sprites/optionsbutton.png
  artifactKey: Guid(761a69919c2ad3247a968b4d407455bb) Importer(815301076,1909f56bfc062723c751e8b465ee728b)
Start importing Assets/art/Sprites/optionsbutton.png using Guid(761a69919c2ad3247a968b4d407455bb) Importer(815301076,1909f56bfc062723c751e8b465ee728b)  -> (artifact id: 'b5d2bf799444e9c2d06396adf2a20211') in 0.013461 seconds
  Import took 0.016788 seconds .

========================================================================
Received Import Request.
  Time since last request: 0.000344 seconds.
  path: Assets/art/Sprites/startbuttonclick.png
  artifactKey: Guid(d6295313983cfa34788b6170dd74251e) Importer(815301076,1909f56bfc062723c751e8b465ee728b)
Start importing Assets/art/Sprites/startbuttonclick.png using Guid(d6295313983cfa34788b6170dd74251e) Importer(815301076,1909f56bfc062723c751e8b465ee728b)  -> (artifact id: '0ced3ec779569c337b411f967fd9af36') in 0.015521 seconds
  Import took 0.020182 seconds .

========================================================================
Received Import Request.
  Time since last request: 0.000169 seconds.
  path: Assets/art/Sprites/startbuttonselect.png
  artifactKey: Guid(07b2db0eef35e2a4988adfde3a7217d8) Importer(815301076,1909f56bfc062723c751e8b465ee728b)
Start importing Assets/art/Sprites/startbuttonselect.png using Guid(07b2db0eef35e2a4988adfde3a7217d8) Importer(815301076,1909f56bfc062723c751e8b465ee728b)  -> (artifact id: 'e9aea376d03352a7c50797911f9000cc') in 0.010269 seconds
  Import took 0.013594 seconds .

========================================================================
Received Import Request.
  Time since last request: 0.000189 seconds.
  path: Assets/art/Sprites/quitbuttonclick.png
  artifactKey: Guid(9ccee3ffb957f2444ba11dc0fd8f368c) Importer(815301076,1909f56bfc062723c751e8b465ee728b)
Start importing Assets/art/Sprites/quitbuttonclick.png using Guid(9ccee3ffb957f2444ba11dc0fd8f368c) Importer(815301076,1909f56bfc062723c751e8b465ee728b)  -> (artifact id: '2d842e7ea38dfee0c9c5a73920b52e50') in 0.008786 seconds
  Import took 0.012064 seconds .

========================================================================
Received Import Request.
  Time since last request: 0.000223 seconds.
  path: Assets/art/Sprites/startbutton.png
  artifactKey: Guid(8fa9fe26911049648aaa3c491e9cc41d) Importer(815301076,1909f56bfc062723c751e8b465ee728b)
Start importing Assets/art/Sprites/startbutton.png using Guid(8fa9fe26911049648aaa3c491e9cc41d) Importer(815301076,1909f56bfc062723c751e8b465ee728b)  -> (artifact id: '750bfb8b2089e03c36a81ff60d7677ce') in 0.007505 seconds
  Import took 0.012074 seconds .

========================================================================
Received Import Request.
  Time since last request: 0.000271 seconds.
  path: Assets/art/Sprites/image0.png
  artifactKey: Guid(ae4af2ac1e83b324f818b0d1dd9d1221) Importer(815301076,1909f56bfc062723c751e8b465ee728b)
Start importing Assets/art/Sprites/image0.png using Guid(ae4af2ac1e83b324f818b0d1dd9d1221) Importer(815301076,1909f56bfc062723c751e8b465ee728b)  -> (artifact id: '8487edfdf13a013b1cf080ff02a02030') in 0.014239 seconds
  Import took 0.017542 seconds .

========================================================================
Received Import Request.
  Time since last request: 0.000258 seconds.
  path: Assets/art/Sprites/optionsbuttonselect.png
  artifactKey: Guid(0b37c9c464586ab4bab96cb30dc1f41d) Importer(815301076,1909f56bfc062723c751e8b465ee728b)
Start importing Assets/art/Sprites/optionsbuttonselect.png using Guid(0b37c9c464586ab4bab96cb30dc1f41d) Importer(815301076,1909f56bfc062723c751e8b465ee728b)  -> (artifact id: 'd4c46604c219d4e296e675e189b99383') in 0.009020 seconds
  Import took 0.012409 seconds .

========================================================================
Received Import Request.
  Time since last request: 0.000179 seconds.
  path: Assets/art/Sprites/quitbuttonselect.png
  artifactKey: Guid(b15352485c662704c86002001a23580d) Importer(815301076,1909f56bfc062723c751e8b465ee728b)
Start importing Assets/art/Sprites/quitbuttonselect.png using Guid(b15352485c662704c86002001a23580d) Importer(815301076,1909f56bfc062723c751e8b465ee728b)  -> (artifact id: '8722ce35cfdb551fba808d7336c598ea') in 0.008458 seconds
  Import took 0.012011 seconds .

========================================================================
Received Import Request.
  Time since last request: 0.000169 seconds.
  path: Assets/art/Sprites/quitbutton.png
  artifactKey: Guid(e773b656e00bd4443ab62fcc243dd713) Importer(815301076,1909f56bfc062723c751e8b465ee728b)
Start importing Assets/art/Sprites/quitbutton.png using Guid(e773b656e00bd4443ab62fcc243dd713) Importer(815301076,1909f56bfc062723c751e8b465ee728b)  -> (artifact id: '1c31ab0efbc2d866b39ced08c059be18') in 0.007400 seconds
  Import took 0.010979 seconds .

========================================================================
Received Import Request.
  Time since last request: 0.000351 seconds.
  path: Assets/art/Sprites/optionsbuttonclick.png
  artifactKey: Guid(088a7e9d7bf64054192272e5a3fa68f4) Importer(815301076,1909f56bfc062723c751e8b465ee728b)
Start importing Assets/art/Sprites/optionsbuttonclick.png using Guid(088a7e9d7bf64054192272e5a3fa68f4) Importer(815301076,1909f56bfc062723c751e8b465ee728b)  -> (artifact id: 'ba612eb361c34878f9b01e3a4f6dcbdd') in 0.008462 seconds
  Import took 0.012535 seconds .

========================================================================
Received Import Request.
  Time since last request: 27.178046 seconds.
  path: Assets/art/potterWorldUp.png
  artifactKey: Guid(3597515d6ef9f534192850f1501eed7d) Importer(815301076,1909f56bfc062723c751e8b465ee728b)
Start importing Assets/art/potterWorldUp.png using Guid(3597515d6ef9f534192850f1501eed7d) Importer(815301076,1909f56bfc062723c751e8b465ee728b)  -> (artifact id: 'c997bab5ab292ea6c6c16007f8b04e63') in 0.015176 seconds
  Import took 0.019717 seconds .

========================================================================
Received Import Request.
  Time since last request: 0.004154 seconds.
  path: Assets/art/potterWorldUp.png
  artifactKey: Guid(3597515d6ef9f534192850f1501eed7d) Importer(815301076,1909f56bfc062723c751e8b465ee728b)
Start importing Assets/art/potterWorldUp.png using Guid(3597515d6ef9f534192850f1501eed7d) Importer(815301076,1909f56bfc062723c751e8b465ee728b)  -> (artifact id: 'c997bab5ab292ea6c6c16007f8b04e63') in 0.010574 seconds
  Import took 0.014677 seconds .

========================================================================
Received Import Request.
  Time since last request: 5.834038 seconds.
  path: Assets/art/potterWorld .png
  artifactKey: Guid(a345837af4fccb7498196f22030e654d) Importer(815301076,1909f56bfc062723c751e8b465ee728b)
Start importing Assets/art/potterWorld .png using Guid(a345837af4fccb7498196f22030e654d) Importer(815301076,1909f56bfc062723c751e8b465ee728b)  -> (artifact id: '8febe44f0d9ea63a287a7272f17dffd6') in 0.015074 seconds
  Import took 0.019030 seconds .

========================================================================
Received Import Request.
  Time since last request: 0.007901 seconds.
  path: Assets/art/potterWorld .png
  artifactKey: Guid(a345837af4fccb7498196f22030e654d) Importer(815301076,1909f56bfc062723c751e8b465ee728b)
Start importing Assets/art/potterWorld .png using Guid(a345837af4fccb7498196f22030e654d) Importer(815301076,1909f56bfc062723c751e8b465ee728b)  -> (artifact id: '8febe44f0d9ea63a287a7272f17dffd6') in 0.007779 seconds
  Import took 0.012340 seconds .

========================================================================
Received Import Request.
  Time since last request: 2.626531 seconds.
  path: Assets/art/potterWorldDown.png
  artifactKey: Guid(5d7e34573f0f0c04e83eaa525f243546) Importer(815301076,1909f56bfc062723c751e8b465ee728b)
Start importing Assets/art/potterWorldDown.png using Guid(5d7e34573f0f0c04e83eaa525f243546) Importer(815301076,1909f56bfc062723c751e8b465ee728b)  -> (artifact id: 'b02b853f0208b3ed4f060e4229543c9b') in 0.009632 seconds
  Import took 0.013577 seconds .

========================================================================
Received Import Request.
  Time since last request: 4.876176 seconds.
  path: Assets/art/potterWorldWallLeftCorner.png
  artifactKey: Guid(c588331573b42d74f840e95d2c2c29ac) Importer(815301076,1909f56bfc062723c751e8b465ee728b)
Start importing Assets/art/potterWorldWallLeftCorner.png using Guid(c588331573b42d74f840e95d2c2c29ac) Importer(815301076,1909f56bfc062723c751e8b465ee728b)  -> (artifact id: '514577a2111b1e2d34d99a62e8c86501') in 0.008438 seconds
  Import took 0.013511 seconds .

========================================================================
Received Import Request.
  Time since last request: 0.000226 seconds.
  path: Assets/art/potterWorldWallTiles.png
  artifactKey: Guid(8038b9e80b8d8c5448c6a7de73155711) Importer(815301076,1909f56bfc062723c751e8b465ee728b)
Start importing Assets/art/potterWorldWallTiles.png using Guid(8038b9e80b8d8c5448c6a7de73155711) Importer(815301076,1909f56bfc062723c751e8b465ee728b)  -> (artifact id: '7da6440c5d0b36cb2313f7cd1924dcbf') in 0.007323 seconds
  Import took 0.011722 seconds .

========================================================================
Received Import Request.
  Time since last request: 0.000249 seconds.
  path: Assets/art/potterWorldWallRightCorner.png
  artifactKey: Guid(3ff35bcd3bbd7534c8b2fab3db591c39) Importer(815301076,1909f56bfc062723c751e8b465ee728b)
Start importing Assets/art/potterWorldWallRightCorner.png using Guid(3ff35bcd3bbd7534c8b2fab3db591c39) Importer(815301076,1909f56bfc062723c751e8b465ee728b)  -> (artifact id: 'a4856e31a7a1bfc88bf6147045e4f7fc') in 0.008208 seconds
  Import took 0.011622 seconds .

========================================================================
Received Import Request.
  Time since last request: 0.000313 seconds.
  path: Assets/art/potterWorldWallMazeTile.png
  artifactKey: Guid(e187af475e3d09a4ea3712cf081c9bb3) Importer(815301076,1909f56bfc062723c751e8b465ee728b)
Start importing Assets/art/potterWorldWallMazeTile.png using Guid(e187af475e3d09a4ea3712cf081c9bb3) Importer(815301076,1909f56bfc062723c751e8b465ee728b)  -> (artifact id: '9eabf59db85569e4c854dc63046e99d3') in 0.008308 seconds
  Import took 0.012093 seconds .

========================================================================
Received Prepare
Registering precompiled user dll's ...
Registered in 0.001123 seconds.
Begin MonoManager ReloadAssembly
Native extension for WindowsStandalone target not found
Refreshing native plugins compatible for Editor in 0.34 ms, found 1 plugins.
Preloading 0 native plugins for Editor in 0.00 ms.
Invoked RoslynAnalysisRunner static constructor.
RoslynAnalysisRunner will not be running.
RoslynAnalysisRunner has terminated.
Mono: successfully reloaded assembly
- Completed reload, in  0.957 seconds
Platform modules already initialized, skipping
Script is not up to date after domain reload: guid(be6662e6adba5bf4a9363133bae774b9) path("Assets/scripts/MainMenu.cs") state(2)
Refreshing native plugins compatible for Editor in 0.50 ms, found 1 plugins.
Preloading 0 native plugins for Editor in 0.00 ms.
Unloading 1784 Unused Serialized files (Serialized files now loaded: 0)
System memory in use before: 87.6 MB.
System memory in use after: 87.7 MB.

Unloading 7 unused Assets to reduce memory usage. Loaded Objects now: 2284.
Total: 1.863800 ms (FindLiveObjects: 0.181400 ms CreateObjectMapping: 0.072300 ms MarkObjects: 1.592900 ms  DeleteObjects: 0.015900 ms)

========================================================================
Received Import Request.
  Time since last request: 70.035362 seconds.
  path: Assets/scripts/MainMenu.cs
  artifactKey: Guid(be6662e6adba5bf4a9363133bae774b9) Importer(815301076,1909f56bfc062723c751e8b465ee728b)
Start importing Assets/scripts/MainMenu.cs using Guid(be6662e6adba5bf4a9363133bae774b9) Importer(815301076,1909f56bfc062723c751e8b465ee728b)  -> (artifact id: 'faba1f71891ced6939b5d6218bd8ba21') in 0.004514 seconds
  Import took 0.007835 seconds .

========================================================================
Received Import Request.
  Time since last request: 396.800734 seconds.
  path: Assets/scripts/PauseMenu.cs
  artifactKey: Guid(9579dd273a94d574f9e9caf2a7c78cd6) Importer(815301076,1909f56bfc062723c751e8b465ee728b)
Start importing Assets/scripts/PauseMenu.cs using Guid(9579dd273a94d574f9e9caf2a7c78cd6) Importer(815301076,1909f56bfc062723c751e8b465ee728b)  -> (artifact id: '50673f63b8691961a22e10e4eee6e892') in 0.002366 seconds
  Import took 0.006403 seconds .

========================================================================
Received Import Request.
  Time since last request: 0.984456 seconds.
  path: Assets/scripts/SettingsMenu.cs
  artifactKey: Guid(29b135f1523326a4a9d8aa9512a2e3b8) Importer(815301076,1909f56bfc062723c751e8b465ee728b)
Start importing Assets/scripts/SettingsMenu.cs using Guid(29b135f1523326a4a9d8aa9512a2e3b8) Importer(815301076,1909f56bfc062723c751e8b465ee728b)  -> (artifact id: '85a3aade27470817d90dc9fe85777107') in 0.001809 seconds
  Import took 0.004878 seconds .

========================================================================
Received Prepare
Registering precompiled user dll's ...
Registered in 0.001296 seconds.
Begin MonoManager ReloadAssembly
Native extension for WindowsStandalone target not found
Refreshing native plugins compatible for Editor in 0.41 ms, found 1 plugins.
Preloading 0 native plugins for Editor in 0.00 ms.
Invoked RoslynAnalysisRunner static constructor.
RoslynAnalysisRunner will not be running.
RoslynAnalysisRunner has terminated.
Mono: successfully reloaded assembly
- Completed reload, in  0.946 seconds
Platform modules already initialized, skipping
Refreshing native plugins compatible for Editor in 0.38 ms, found 1 plugins.
Preloading 0 native plugins for Editor in 0.00 ms.
Unloading 1788 Unused Serialized files (Serialized files now loaded: 0)
System memory in use before: 87.8 MB.
System memory in use after: 87.9 MB.

Unloading 7 unused Assets to reduce memory usage. Loaded Objects now: 2291.
Total: 1.997100 ms (FindLiveObjects: 0.179800 ms CreateObjectMapping: 0.070900 ms MarkObjects: 1.730400 ms  DeleteObjects: 0.014900 ms)

========================================================================
Received Import Request.
  Time since last request: 108.006125 seconds.
  path: Assets/scripts/SceneFader.cs
  artifactKey: Guid(b903ae01f1e219c468855c87b4df7d26) Importer(815301076,1909f56bfc062723c751e8b465ee728b)
Start importing Assets/scripts/SceneFader.cs using Guid(b903ae01f1e219c468855c87b4df7d26) Importer(815301076,1909f56bfc062723c751e8b465ee728b)  -> (artifact id: 'f525f2dfef721215ed8a304b1a2e42e4') in 0.004651 seconds
  Import took 0.007770 seconds .

========================================================================
Received Import Request.
  Time since last request: 0.030894 seconds.
  path: Assets/scripts/SceneFader.cs
  artifactKey: Guid(b903ae01f1e219c468855c87b4df7d26) Importer(815301076,1909f56bfc062723c751e8b465ee728b)
Start importing Assets/scripts/SceneFader.cs using Guid(b903ae01f1e219c468855c87b4df7d26) Importer(815301076,1909f56bfc062723c751e8b465ee728b)  -> (artifact id: 'f525f2dfef721215ed8a304b1a2e42e4') in 0.003198 seconds
  Import took 0.008280 seconds .

========================================================================
Received Prepare
Registering precompiled user dll's ...
Registered in 0.001249 seconds.
Begin MonoManager ReloadAssembly
Native extension for WindowsStandalone target not found
Refreshing native plugins compatible for Editor in 0.35 ms, found 1 plugins.
Preloading 0 native plugins for Editor in 0.00 ms.
Invoked RoslynAnalysisRunner static constructor.
RoslynAnalysisRunner will not be running.
RoslynAnalysisRunner has terminated.
Mono: successfully reloaded assembly
- Completed reload, in  0.928 seconds
Platform modules already initialized, skipping
Refreshing native plugins compatible for Editor in 0.51 ms, found 1 plugins.
Preloading 0 native plugins for Editor in 0.00 ms.
Unloading 1788 Unused Serialized files (Serialized files now loaded: 0)
System memory in use before: 87.9 MB.
System memory in use after: 88.0 MB.

Unloading 7 unused Assets to reduce memory usage. Loaded Objects now: 2294.
Total: 1.982300 ms (FindLiveObjects: 0.171700 ms CreateObjectMapping: 0.064200 ms MarkObjects: 1.717200 ms  DeleteObjects: 0.028100 ms)

========================================================================
Received Prepare
Registering precompiled user dll's ...
Registered in 0.001054 seconds.
Begin MonoManager ReloadAssembly
Native extension for WindowsStandalone target not found
Refreshing native plugins compatible for Editor in 0.34 ms, found 1 plugins.
Preloading 0 native plugins for Editor in 0.00 ms.
Invoked RoslynAnalysisRunner static constructor.
RoslynAnalysisRunner will not be running.
RoslynAnalysisRunner has terminated.
Mono: successfully reloaded assembly
- Completed reload, in  0.937 seconds
Platform modules already initialized, skipping
Refreshing native plugins compatible for Editor in 0.39 ms, found 1 plugins.
Preloading 0 native plugins for Editor in 0.00 ms.
Unloading 1788 Unused Serialized files (Serialized files now loaded: 0)
System memory in use before: 87.9 MB.
System memory in use after: 88.1 MB.

Unloading 7 unused Assets to reduce memory usage. Loaded Objects now: 2297.
Total: 1.813300 ms (FindLiveObjects: 0.194300 ms CreateObjectMapping: 0.082500 ms MarkObjects: 1.521600 ms  DeleteObjects: 0.013800 ms)

========================================================================
Received Prepare
Registering precompiled user dll's ...
Registered in 0.001069 seconds.
Begin MonoManager ReloadAssembly
Native extension for WindowsStandalone target not found
Refreshing native plugins compatible for Editor in 0.45 ms, found 1 plugins.
Preloading 0 native plugins for Editor in 0.00 ms.
Invoked RoslynAnalysisRunner static constructor.
RoslynAnalysisRunner will not be running.
RoslynAnalysisRunner has terminated.
Mono: successfully reloaded assembly
- Completed reload, in  0.898 seconds
Platform modules already initialized, skipping
Refreshing native plugins compatible for Editor in 0.36 ms, found 1 plugins.
Preloading 0 native plugins for Editor in 0.00 ms.
Unloading 1788 Unused Serialized files (Serialized files now loaded: 0)
System memory in use before: 88.0 MB.
System memory in use after: 88.1 MB.

Unloading 7 unused Assets to reduce memory usage. Loaded Objects now: 2300.
Total: 2.368000 ms (FindLiveObjects: 0.181700 ms CreateObjectMapping: 0.087400 ms MarkObjects: 2.023600 ms  DeleteObjects: 0.073600 ms)

========================================================================
Received Prepare
Registering precompiled user dll's ...
Registered in 0.001073 seconds.
Begin MonoManager ReloadAssembly
Native extension for WindowsStandalone target not found
Refreshing native plugins compatible for Editor in 0.36 ms, found 1 plugins.
Preloading 0 native plugins for Editor in 0.00 ms.
Invoked RoslynAnalysisRunner static constructor.
RoslynAnalysisRunner will not be running.
RoslynAnalysisRunner has terminated.
Mono: successfully reloaded assembly
- Completed reload, in  1.097 seconds
Platform modules already initialized, skipping
Refreshing native plugins compatible for Editor in 0.35 ms, found 1 plugins.
Preloading 0 native plugins for Editor in 0.00 ms.
Unloading 1787 Unused Serialized files (Serialized files now loaded: 0)
System memory in use before: 88.1 MB.
System memory in use after: 88.2 MB.

Unloading 8 unused Assets to reduce memory usage. Loaded Objects now: 2302.
Total: 1.934000 ms (FindLiveObjects: 0.187200 ms CreateObjectMapping: 0.078200 ms MarkObjects: 1.649100 ms  DeleteObjects: 0.018400 ms)

========================================================================
Received Prepare
Registering precompiled user dll's ...
Registered in 0.001125 seconds.
Begin MonoManager ReloadAssembly
Native extension for WindowsStandalone target not found
Refreshing native plugins compatible for Editor in 0.34 ms, found 1 plugins.
Preloading 0 native plugins for Editor in 0.00 ms.
Invoked RoslynAnalysisRunner static constructor.
RoslynAnalysisRunner will not be running.
RoslynAnalysisRunner has terminated.
Mono: successfully reloaded assembly
- Completed reload, in  1.017 seconds
Platform modules already initialized, skipping
Refreshing native plugins compatible for Editor in 0.34 ms, found 1 plugins.
Preloading 0 native plugins for Editor in 0.00 ms.
Unloading 1788 Unused Serialized files (Serialized files now loaded: 0)
System memory in use before: 88.2 MB.
System memory in use after: 88.3 MB.

Unloading 7 unused Assets to reduce memory usage. Loaded Objects now: 2306.
Total: 1.892900 ms (FindLiveObjects: 0.179800 ms CreateObjectMapping: 0.062300 ms MarkObjects: 1.621700 ms  DeleteObjects: 0.028000 ms)

========================================================================
Received Prepare
Registering precompiled user dll's ...
Registered in 0.001242 seconds.
Begin MonoManager ReloadAssembly
Native extension for WindowsStandalone target not found
Refreshing native plugins compatible for Editor in 0.37 ms, found 1 plugins.
Preloading 0 native plugins for Editor in 0.00 ms.
Invoked RoslynAnalysisRunner static constructor.
RoslynAnalysisRunner will not be running.
RoslynAnalysisRunner has terminated.
Mono: successfully reloaded assembly
- Completed reload, in  1.119 seconds
Platform modules already initialized, skipping
Refreshing native plugins compatible for Editor in 0.37 ms, found 1 plugins.
Preloading 0 native plugins for Editor in 0.00 ms.
Unloading 1785 Unused Serialized files (Serialized files now loaded: 0)
System memory in use before: 88.2 MB.
System memory in use after: 88.3 MB.

Unloading 10 unused Assets to reduce memory usage. Loaded Objects now: 2306.
Total: 2.011600 ms (FindLiveObjects: 0.193800 ms CreateObjectMapping: 0.075900 ms MarkObjects: 1.719300 ms  DeleteObjects: 0.020500 ms)

========================================================================
Received Import Request.
  Time since last request: 469.819743 seconds.
  path: Assets/Scenes/Menu.unity
  artifactKey: Guid(75c2fabbb5edfd94da3b1cddb59db9d0) Importer(815301076,1909f56bfc062723c751e8b465ee728b)
Start importing Assets/Scenes/Menu.unity using Guid(75c2fabbb5edfd94da3b1cddb59db9d0) Importer(815301076,1909f56bfc062723c751e8b465ee728b)  -> (artifact id: '0f9d5cd7b2562ef414e4ed701745b93b') in 0.016030 seconds
  Import took 0.020667 seconds .

========================================================================
Received Prepare
Registering precompiled user dll's ...
Registered in 0.001167 seconds.
Begin MonoManager ReloadAssembly
Native extension for WindowsStandalone target not found
Refreshing native plugins compatible for Editor in 0.39 ms, found 1 plugins.
Preloading 0 native plugins for Editor in 0.00 ms.
Invoked RoslynAnalysisRunner static constructor.
RoslynAnalysisRunner will not be running.
RoslynAnalysisRunner has terminated.
Mono: successfully reloaded assembly
- Completed reload, in  1.196 seconds
Platform modules already initialized, skipping
Refreshing native plugins compatible for Editor in 0.35 ms, found 1 plugins.
Preloading 0 native plugins for Editor in 0.00 ms.
Unloading 1785 Unused Serialized files (Serialized files now loaded: 0)
System memory in use before: 88.3 MB.
System memory in use after: 88.4 MB.

Unloading 7 unused Assets to reduce memory usage. Loaded Objects now: 2309.
Total: 2.922500 ms (FindLiveObjects: 0.257500 ms CreateObjectMapping: 0.105900 ms MarkObjects: 2.521800 ms  DeleteObjects: 0.035500 ms)

